<?xml version="1.0" encoding="UTF-8"?>
<testsuite xmlns:xsi="http://www.w3.org/2001/XMLSchema-instance" xsi:noNamespaceSchemaLocation="https://maven.apache.org/surefire/maven-surefire-plugin/xsd/surefire-test-report.xsd" name="TestSuite" time="11.798" tests="2" errors="0" skipped="0" failures="0">
  <properties>
[...]
</properties>
  <testcase name="test01_verifyHeader" classname="sanity.ApiDemosElectron" time="0.975"/>
  <testcase name="test02_verifyHeader" classname="sanity.ApiDemosElectron" time="0.707"/>
</testsuite>